2017/07/01 12:35:01 にビルドを開始しました。
     1>ノード 2 上のプロジェクト "F:\game\shootingDX\shootingDX\shootingDX.vcxproj" (build ターゲット)。
     1>PrepareForBuild:
         ディレクトリ "F:\game\shootingDX\Release\" を作成しています。
       InitializeBuildStatus:
         "AlwaysCreate" が指定されたため "Release\shootingDX.unsuccessfulbuild" を作成しています。
       ClCompile:
         C:\Program Files (x86)\Microsoft Visual Studio 10.0\VC\bin\CL.exe /c /I../../DxLib /Zi /nologo /W3 /WX- /O2 /Oi /Oy- /GL /D WIN32 /D NDEBUG /D _WINDOWS /D _MBCS /Gm- /EHsc /MT /GS /Gy /fp:precise /Zc:wchar_t /Zc:forScope /Fo"Release\\" /Fd"Release\vc100.pdb" /Gd /TP /analyze- /errorReport:prompt "..\stg1\j1210釜屋涼太stg1.cpp"
         j1210釜屋涼太stg1.cpp
     1>..\stg1\j1210釜屋涼太stg1.cpp(176): warning C4244: '=' : 'double' から 'int' への変換です。データが失われる可能性があります。
     1>..\stg1\j1210釜屋涼太stg1.cpp(238): warning C4244: '引数' : 'double' から 'int' への変換です。データが失われる可能性があります。
     1>..\stg1\j1210釜屋涼太stg1.cpp(239): warning C4244: '引数' : 'double' から 'int' への変換です。データが失われる可能性があります。
     1>..\stg1\j1210釜屋涼太stg1.cpp(448): warning C4244: '引数' : 'double' から 'int' への変換です。データが失われる可能性があります。
     1>..\stg1\j1210釜屋涼太stg1.cpp(448): warning C4244: '引数' : 'double' から 'int' への変換です。データが失われる可能性があります。
     1>..\stg1\j1210釜屋涼太stg1.cpp(711): warning C4244: '=' : 'double' から 'int' への変換です。データが失われる可能性があります。
     1>..\stg1\j1210釜屋涼太stg1.cpp(712): warning C4244: '=' : 'double' から 'int' への変換です。データが失われる可能性があります。
     1>..\stg1\j1210釜屋涼太stg1.cpp(722): warning C4244: '=' : 'double' から 'int' への変換です。データが失われる可能性があります。
     1>..\stg1\j1210釜屋涼太stg1.cpp(723): warning C4244: '=' : 'double' から 'int' への変換です。データが失われる可能性があります。
     1>..\stg1\j1210釜屋涼太stg1.cpp(742): warning C4244: '=' : 'double' から 'int' への変換です。データが失われる可能性があります。
     1>..\stg1\j1210釜屋涼太stg1.cpp(743): warning C4244: '=' : 'double' から 'int' への変換です。データが失われる可能性があります。
     1>..\stg1\j1210釜屋涼太stg1.cpp(804): warning C4244: '引数' : 'double' から 'int' への変換です。データが失われる可能性があります。
     1>..\stg1\j1210釜屋涼太stg1.cpp(804): warning C4244: '引数' : 'double' から 'int' への変換です。データが失われる可能性があります。
       Link:
         C:\Program Files (x86)\Microsoft Visual Studio 10.0\VC\bin\link.exe /ERRORREPORT:PROMPT /OUT:"F:\game\shootingDX\Release\shootingDX.exe" /INCREMENTAL:NO /NOLOGO /LIBPATH:../../DxLib /LIBPATH:../../DxLib kernel32.lib user32.lib gdi32.lib winspool.lib comdlg32.lib advapi32.lib shell32.lib ole32.lib oleaut32.lib uuid.lib odbc32.lib odbccp32.lib /MANIFEST /ManifestFile:"Release\shootingDX.exe.intermediate.manifest" /MANIFESTUAC:"level='asInvoker' uiAccess='false'" /DEBUG /PDB:"F:\game\shootingDX\Release\shootingDX.pdb" /SUBSYSTEM:WINDOWS /OPT:REF /OPT:ICF /LTCG /TLBID:1 /DYNAMICBASE /NXCOMPAT /IMPLIB:"F:\game\shootingDX\Release\shootingDX.lib" /MACHINE:X86 "Release\j1210釜屋涼太stg1.obj"
         コード生成しています。
         コード生成が終了しました。
         shootingDX.vcxproj -> F:\game\shootingDX\Release\shootingDX.exe
       Manifest:
         C:\Program Files (x86)\Microsoft SDKs\Windows\v7.0A\bin\mt.exe /nologo /verbose /outputresource:"F:\game\shootingDX\Release\shootingDX.exe;#1" /manifest Release\shootingDX.exe.intermediate.manifest
       FinalizeBuildStatus:
         ファイル "Release\shootingDX.unsuccessfulbuild" を削除しています。
         "Release\shootingDX.lastbuildstate" のタッチ タスクを実行しています。
     1>プロジェクト "F:\game\shootingDX\shootingDX\shootingDX.vcxproj" (build ターゲット) のビルドが完了しました。

ビルドに成功しました。

経過時間 00:00:30.62
